<?xml version="1.0" encoding="UTF-8"?>
<testng-results ignored="0" total="1" passed="1" failed="0" skipped="0">
  <reporter-output>
  </reporter-output>
  <suite started-at="2024-06-08T13:05:15 IST" name="Default suite" finished-at="2024-06-08T13:05:42 IST" duration-ms="26515">
    <groups>
    </groups>
    <test started-at="2024-06-08T13:05:15 IST" name="Default test" finished-at="2024-06-08T13:05:42 IST" duration-ms="26515">
      <class name="ABCD4_May21_2024.TC01_Skills_Add">
        <test-method signature="SkilsTest()[pri:0, instance:ABCD4_May21_2024.TC01_Skills_Add@21fd5faa]" started-at="2024-06-08T13:05:15 IST" name="SkilsTest" finished-at="2024-06-08T13:05:42 IST" duration-ms="26475" status="PASS">
          <reporter-output>
          </reporter-output>
        </test-method> <!-- SkilsTest -->
      </class> <!-- ABCD4_May21_2024.TC01_Skills_Add -->
    </test> <!-- Default test -->
  </suite> <!-- Default suite -->
</testng-results>
