<?xml version="1.0" encoding="UTF-8"?>
<testng-results ignored="0" total="1" passed="1" failed="0" skipped="0">
  <reporter-output>
  </reporter-output>
  <suite started-at="2024-07-15T15:54:20 IST" name="Default suite" finished-at="2024-07-15T15:54:20 IST" duration-ms="59">
    <groups>
    </groups>
    <test started-at="2024-07-15T15:54:20 IST" name="Default test" finished-at="2024-07-15T15:54:20 IST" duration-ms="59">
      <class name="GitHub.NewTest1">
        <test-method signature="f()[pri:0, instance:GitHub.NewTest1@3b7d3a38]" started-at="2024-07-15T15:54:20 IST" name="f" finished-at="2024-07-15T15:54:20 IST" duration-ms="13" status="PASS">
          <reporter-output>
          </reporter-output>
        </test-method> <!-- f -->
      </class> <!-- GitHub.NewTest1 -->
    </test> <!-- Default test -->
  </suite> <!-- Default suite -->
</testng-results>
